{"date":"Sat Feb 07 2026 19:58:30 GMT+0100 (West Africa Standard Time)","error":{"diagnosticCodes":[2339]},"exception":true,"level":"error","message":"uncaughtException: ⨯ Unable to compile TypeScript:\n\u001b[96msrc/controllers/personController.ts\u001b[0m:\u001b[93m347\u001b[0m:\u001b[93m22\u001b[0m - \u001b[91merror\u001b[0m\u001b[90m TS2339: \u001b[0mProperty 'createdAt' does not exist on type 'Document<unknown, {}, IWeeklyReport, {}, {}> & IWeeklyReport & Required<{ _id: ObjectId; }> & { __v: number; }'.\n\n\u001b[7m347\u001b[0m         createdAt: r.createdAt,\n\u001b[7m   \u001b[0m \u001b[91m                     ~~~~~~~~~\u001b[0m\n\nTSError: ⨯ Unable to compile TypeScript:\n\u001b[96msrc/controllers/personController.ts\u001b[0m:\u001b[93m347\u001b[0m:\u001b[93m22\u001b[0m - \u001b[91merror\u001b[0m\u001b[90m TS2339: \u001b[0mProperty 'createdAt' does not exist on type 'Document<unknown, {}, IWeeklyReport, {}, {}> & IWeeklyReport & Required<{ _id: ObjectId; }> & { __v: number; }'.\n\n\u001b[7m347\u001b[0m         createdAt: r.createdAt,\n\u001b[7m   \u001b[0m \u001b[91m                     ~~~~~~~~~\u001b[0m\n\n    at createTSError (/Users/mac/Dev/GitHub/follow-up/backend/node_modules/.pnpm/ts-node@10.9.2_@types+node@20.19.32_typescript@5.9.3/node_modules/ts-node/src/index.ts:859:12)\n    at reportTSError (/Users/mac/Dev/GitHub/follow-up/backend/node_modules/.pnpm/ts-node@10.9.2_@types+node@20.19.32_typescript@5.9.3/node_modules/ts-node/src/index.ts:863:19)\n    at getOutput (/Users/mac/Dev/GitHub/follow-up/backend/node_modules/.pnpm/ts-node@10.9.2_@types+node@20.19.32_typescript@5.9.3/node_modules/ts-node/src/index.ts:1077:36)\n    at Object.compile (/Users/mac/Dev/GitHub/follow-up/backend/node_modules/.pnpm/ts-node@10.9.2_@types+node@20.19.32_typescript@5.9.3/node_modules/ts-node/src/index.ts:1433:41)\n    at Module.m._compile (/Users/mac/Dev/GitHub/follow-up/backend/node_modules/.pnpm/ts-node@10.9.2_@types+node@20.19.32_typescript@5.9.3/node_modules/ts-node/src/index.ts:1617:30)\n    at node:internal/modules/cjs/loader:1893:10\n    at Object.require.extensions.<computed> [as .ts] (/Users/mac/Dev/GitHub/follow-up/backend/node_modules/.pnpm/ts-node@10.9.2_@types+node@20.19.32_typescript@5.9.3/node_modules/ts-node/src/index.ts:1621:12)\n    at Module.load (node:internal/modules/cjs/loader:1480:32)\n    at Module._load (node:internal/modules/cjs/loader:1299:12)\n    at TracingChannel.traceSync (node:diagnostics_channel:328:14)","os":{"loadavg":[15.11279296875,9.39501953125,8.58740234375],"uptime":215823},"process":{"argv":["/Users/mac/Dev/GitHub/follow-up/backend/node_modules/ts-node/dist/bin.js","/Users/mac/Dev/GitHub/follow-up/backend/src/server.ts"],"cwd":"/Users/mac/Dev/GitHub/follow-up/backend","execPath":"/Users/mac/.nvm/versions/node/v24.10.0/bin/node","gid":20,"memoryUsage":{"arrayBuffers":23393267,"external":26630287,"heapTotal":412721152,"heapUsed":334184560,"rss":485675008},"pid":18948,"uid":501,"version":"v24.10.0"},"service":"follow-up-api","stack":"TSError: ⨯ Unable to compile TypeScript:\n\u001b[96msrc/controllers/personController.ts\u001b[0m:\u001b[93m347\u001b[0m:\u001b[93m22\u001b[0m - \u001b[91merror\u001b[0m\u001b[90m TS2339: \u001b[0mProperty 'createdAt' does not exist on type 'Document<unknown, {}, IWeeklyReport, {}, {}> & IWeeklyReport & Required<{ _id: ObjectId; }> & { __v: number; }'.\n\n\u001b[7m347\u001b[0m         createdAt: r.createdAt,\n\u001b[7m   \u001b[0m \u001b[91m                     ~~~~~~~~~\u001b[0m\n\n    at createTSError (/Users/mac/Dev/GitHub/follow-up/backend/node_modules/.pnpm/ts-node@10.9.2_@types+node@20.19.32_typescript@5.9.3/node_modules/ts-node/src/index.ts:859:12)\n    at reportTSError (/Users/mac/Dev/GitHub/follow-up/backend/node_modules/.pnpm/ts-node@10.9.2_@types+node@20.19.32_typescript@5.9.3/node_modules/ts-node/src/index.ts:863:19)\n    at getOutput (/Users/mac/Dev/GitHub/follow-up/backend/node_modules/.pnpm/ts-node@10.9.2_@types+node@20.19.32_typescript@5.9.3/node_modules/ts-node/src/index.ts:1077:36)\n    at Object.compile (/Users/mac/Dev/GitHub/follow-up/backend/node_modules/.pnpm/ts-node@10.9.2_@types+node@20.19.32_typescript@5.9.3/node_modules/ts-node/src/index.ts:1433:41)\n    at Module.m._compile (/Users/mac/Dev/GitHub/follow-up/backend/node_modules/.pnpm/ts-node@10.9.2_@types+node@20.19.32_typescript@5.9.3/node_modules/ts-node/src/index.ts:1617:30)\n    at node:internal/modules/cjs/loader:1893:10\n    at Object.require.extensions.<computed> [as .ts] (/Users/mac/Dev/GitHub/follow-up/backend/node_modules/.pnpm/ts-node@10.9.2_@types+node@20.19.32_typescript@5.9.3/node_modules/ts-node/src/index.ts:1621:12)\n    at Module.load (node:internal/modules/cjs/loader:1480:32)\n    at Module._load (node:internal/modules/cjs/loader:1299:12)\n    at TracingChannel.traceSync (node:diagnostics_channel:328:14)","timestamp":"2026-02-07 19:58:30","trace":[{"column":12,"file":"/Users/mac/Dev/GitHub/follow-up/backend/node_modules/.pnpm/ts-node@10.9.2_@types+node@20.19.32_typescript@5.9.3/node_modules/ts-node/src/index.ts","function":"createTSError","line":859,"method":null,"native":false},{"column":19,"file":"/Users/mac/Dev/GitHub/follow-up/backend/node_modules/.pnpm/ts-node@10.9.2_@types+node@20.19.32_typescript@5.9.3/node_modules/ts-node/src/index.ts","function":"reportTSError","line":863,"method":null,"native":false},{"column":36,"file":"/Users/mac/Dev/GitHub/follow-up/backend/node_modules/.pnpm/ts-node@10.9.2_@types+node@20.19.32_typescript@5.9.3/node_modules/ts-node/src/index.ts","function":"getOutput","line":1077,"method":null,"native":false},{"column":41,"file":"/Users/mac/Dev/GitHub/follow-up/backend/node_modules/.pnpm/ts-node@10.9.2_@types+node@20.19.32_typescript@5.9.3/node_modules/ts-node/src/index.ts","function":"Object.compile","line":1433,"method":"compile","native":false},{"column":30,"file":"/Users/mac/Dev/GitHub/follow-up/backend/node_modules/.pnpm/ts-node@10.9.2_@types+node@20.19.32_typescript@5.9.3/node_modules/ts-node/src/index.ts","function":"Module.m._compile","line":1617,"method":"_compile","native":false},{"column":10,"file":"node:internal/modules/cjs/loader","function":null,"line":1893,"method":null,"native":false},{"column":12,"file":"/Users/mac/Dev/GitHub/follow-up/backend/node_modules/.pnpm/ts-node@10.9.2_@types+node@20.19.32_typescript@5.9.3/node_modules/ts-node/src/index.ts","function":"Object.require.extensions.<computed> [as .ts]","line":1621,"method":"ts]","native":false},{"column":32,"file":"node:internal/modules/cjs/loader","function":"Module.load","line":1480,"method":"load","native":false},{"column":12,"file":"node:internal/modules/cjs/loader","function":"Module._load","line":1299,"method":"_load","native":false},{"column":14,"file":"node:diagnostics_channel","function":"TracingChannel.traceSync","line":328,"method":"traceSync","native":false}]}
{"date":"Sat Feb 07 2026 19:58:36 GMT+0100 (West Africa Standard Time)","error":{"diagnosticCodes":[2339]},"exception":true,"level":"error","message":"uncaughtException: ⨯ Unable to compile TypeScript:\n\u001b[96msrc/controllers/personController.ts\u001b[0m:\u001b[93m347\u001b[0m:\u001b[93m22\u001b[0m - \u001b[91merror\u001b[0m\u001b[90m TS2339: \u001b[0mProperty 'createdAt' does not exist on type 'Document<unknown, {}, IWeeklyReport, {}, {}> & IWeeklyReport & Required<{ _id: ObjectId; }> & { __v: number; }'.\n\n\u001b[7m347\u001b[0m         createdAt: r.createdAt,\n\u001b[7m   \u001b[0m \u001b[91m                     ~~~~~~~~~\u001b[0m\n\nTSError: ⨯ Unable to compile TypeScript:\n\u001b[96msrc/controllers/personController.ts\u001b[0m:\u001b[93m347\u001b[0m:\u001b[93m22\u001b[0m - \u001b[91merror\u001b[0m\u001b[90m TS2339: \u001b[0mProperty 'createdAt' does not exist on type 'Document<unknown, {}, IWeeklyReport, {}, {}> & IWeeklyReport & Required<{ _id: ObjectId; }> & { __v: number; }'.\n\n\u001b[7m347\u001b[0m         createdAt: r.createdAt,\n\u001b[7m   \u001b[0m \u001b[91m                     ~~~~~~~~~\u001b[0m\n\n    at createTSError (/Users/mac/Dev/GitHub/follow-up/backend/node_modules/.pnpm/ts-node@10.9.2_@types+node@20.19.32_typescript@5.9.3/node_modules/ts-node/src/index.ts:859:12)\n    at reportTSError (/Users/mac/Dev/GitHub/follow-up/backend/node_modules/.pnpm/ts-node@10.9.2_@types+node@20.19.32_typescript@5.9.3/node_modules/ts-node/src/index.ts:863:19)\n    at getOutput (/Users/mac/Dev/GitHub/follow-up/backend/node_modules/.pnpm/ts-node@10.9.2_@types+node@20.19.32_typescript@5.9.3/node_modules/ts-node/src/index.ts:1077:36)\n    at Object.compile (/Users/mac/Dev/GitHub/follow-up/backend/node_modules/.pnpm/ts-node@10.9.2_@types+node@20.19.32_typescript@5.9.3/node_modules/ts-node/src/index.ts:1433:41)\n    at Module.m._compile (/Users/mac/Dev/GitHub/follow-up/backend/node_modules/.pnpm/ts-node@10.9.2_@types+node@20.19.32_typescript@5.9.3/node_modules/ts-node/src/index.ts:1617:30)\n    at node:internal/modules/cjs/loader:1893:10\n    at Object.require.extensions.<computed> [as .ts] (/Users/mac/Dev/GitHub/follow-up/backend/node_modules/.pnpm/ts-node@10.9.2_@types+node@20.19.32_typescript@5.9.3/node_modules/ts-node/src/index.ts:1621:12)\n    at Module.load (node:internal/modules/cjs/loader:1480:32)\n    at Module._load (node:internal/modules/cjs/loader:1299:12)\n    at TracingChannel.traceSync (node:diagnostics_channel:328:14)","os":{"loadavg":[22.64794921875,11.140625,9.21240234375],"uptime":215829},"process":{"argv":["/Users/mac/Dev/GitHub/follow-up/backend/node_modules/ts-node/dist/bin.js","/Users/mac/Dev/GitHub/follow-up/backend/src/server.ts"],"cwd":"/Users/mac/Dev/GitHub/follow-up/backend","execPath":"/Users/mac/.nvm/versions/node/v24.10.0/bin/node","gid":20,"memoryUsage":{"arrayBuffers":23393216,"external":26630236,"heapTotal":416915456,"heapUsed":334164456,"rss":494141440},"pid":19182,"uid":501,"version":"v24.10.0"},"service":"follow-up-api","stack":"TSError: ⨯ Unable to compile TypeScript:\n\u001b[96msrc/controllers/personController.ts\u001b[0m:\u001b[93m347\u001b[0m:\u001b[93m22\u001b[0m - \u001b[91merror\u001b[0m\u001b[90m TS2339: \u001b[0mProperty 'createdAt' does not exist on type 'Document<unknown, {}, IWeeklyReport, {}, {}> & IWeeklyReport & Required<{ _id: ObjectId; }> & { __v: number; }'.\n\n\u001b[7m347\u001b[0m         createdAt: r.createdAt,\n\u001b[7m   \u001b[0m \u001b[91m                     ~~~~~~~~~\u001b[0m\n\n    at createTSError (/Users/mac/Dev/GitHub/follow-up/backend/node_modules/.pnpm/ts-node@10.9.2_@types+node@20.19.32_typescript@5.9.3/node_modules/ts-node/src/index.ts:859:12)\n    at reportTSError (/Users/mac/Dev/GitHub/follow-up/backend/node_modules/.pnpm/ts-node@10.9.2_@types+node@20.19.32_typescript@5.9.3/node_modules/ts-node/src/index.ts:863:19)\n    at getOutput (/Users/mac/Dev/GitHub/follow-up/backend/node_modules/.pnpm/ts-node@10.9.2_@types+node@20.19.32_typescript@5.9.3/node_modules/ts-node/src/index.ts:1077:36)\n    at Object.compile (/Users/mac/Dev/GitHub/follow-up/backend/node_modules/.pnpm/ts-node@10.9.2_@types+node@20.19.32_typescript@5.9.3/node_modules/ts-node/src/index.ts:1433:41)\n    at Module.m._compile (/Users/mac/Dev/GitHub/follow-up/backend/node_modules/.pnpm/ts-node@10.9.2_@types+node@20.19.32_typescript@5.9.3/node_modules/ts-node/src/index.ts:1617:30)\n    at node:internal/modules/cjs/loader:1893:10\n    at Object.require.extensions.<computed> [as .ts] (/Users/mac/Dev/GitHub/follow-up/backend/node_modules/.pnpm/ts-node@10.9.2_@types+node@20.19.32_typescript@5.9.3/node_modules/ts-node/src/index.ts:1621:12)\n    at Module.load (node:internal/modules/cjs/loader:1480:32)\n    at Module._load (node:internal/modules/cjs/loader:1299:12)\n    at TracingChannel.traceSync (node:diagnostics_channel:328:14)","timestamp":"2026-02-07 19:58:36","trace":[{"column":12,"file":"/Users/mac/Dev/GitHub/follow-up/backend/node_modules/.pnpm/ts-node@10.9.2_@types+node@20.19.32_typescript@5.9.3/node_modules/ts-node/src/index.ts","function":"createTSError","line":859,"method":null,"native":false},{"column":19,"file":"/Users/mac/Dev/GitHub/follow-up/backend/node_modules/.pnpm/ts-node@10.9.2_@types+node@20.19.32_typescript@5.9.3/node_modules/ts-node/src/index.ts","function":"reportTSError","line":863,"method":null,"native":false},{"column":36,"file":"/Users/mac/Dev/GitHub/follow-up/backend/node_modules/.pnpm/ts-node@10.9.2_@types+node@20.19.32_typescript@5.9.3/node_modules/ts-node/src/index.ts","function":"getOutput","line":1077,"method":null,"native":false},{"column":41,"file":"/Users/mac/Dev/GitHub/follow-up/backend/node_modules/.pnpm/ts-node@10.9.2_@types+node@20.19.32_typescript@5.9.3/node_modules/ts-node/src/index.ts","function":"Object.compile","line":1433,"method":"compile","native":false},{"column":30,"file":"/Users/mac/Dev/GitHub/follow-up/backend/node_modules/.pnpm/ts-node@10.9.2_@types+node@20.19.32_typescript@5.9.3/node_modules/ts-node/src/index.ts","function":"Module.m._compile","line":1617,"method":"_compile","native":false},{"column":10,"file":"node:internal/modules/cjs/loader","function":null,"line":1893,"method":null,"native":false},{"column":12,"file":"/Users/mac/Dev/GitHub/follow-up/backend/node_modules/.pnpm/ts-node@10.9.2_@types+node@20.19.32_typescript@5.9.3/node_modules/ts-node/src/index.ts","function":"Object.require.extensions.<computed> [as .ts]","line":1621,"method":"ts]","native":false},{"column":32,"file":"node:internal/modules/cjs/loader","function":"Module.load","line":1480,"method":"load","native":false},{"column":12,"file":"node:internal/modules/cjs/loader","function":"Module._load","line":1299,"method":"_load","native":false},{"column":14,"file":"node:diagnostics_channel","function":"TracingChannel.traceSync","line":328,"method":"traceSync","native":false}]}
{"date":"Sat Feb 07 2026 19:58:44 GMT+0100 (West Africa Standard Time)","error":{"diagnosticCodes":[2339]},"exception":true,"level":"error","message":"uncaughtException: ⨯ Unable to compile TypeScript:\n\u001b[96msrc/controllers/personController.ts\u001b[0m:\u001b[93m347\u001b[0m:\u001b[93m22\u001b[0m - \u001b[91merror\u001b[0m\u001b[90m TS2339: \u001b[0mProperty 'createdAt' does not exist on type 'Document<unknown, {}, IWeeklyReport, {}, {}> & IWeeklyReport & Required<{ _id: ObjectId; }> & { __v: number; }'.\n\n\u001b[7m347\u001b[0m         createdAt: r.createdAt,\n\u001b[7m   \u001b[0m \u001b[91m                     ~~~~~~~~~\u001b[0m\n\nTSError: ⨯ Unable to compile TypeScript:\n\u001b[96msrc/controllers/personController.ts\u001b[0m:\u001b[93m347\u001b[0m:\u001b[93m22\u001b[0m - \u001b[91merror\u001b[0m\u001b[90m TS2339: \u001b[0mProperty 'createdAt' does not exist on type 'Document<unknown, {}, IWeeklyReport, {}, {}> & IWeeklyReport & Required<{ _id: ObjectId; }> & { __v: number; }'.\n\n\u001b[7m347\u001b[0m         createdAt: r.createdAt,\n\u001b[7m   \u001b[0m \u001b[91m                     ~~~~~~~~~\u001b[0m\n\n    at createTSError (/Users/mac/Dev/GitHub/follow-up/backend/node_modules/.pnpm/ts-node@10.9.2_@types+node@20.19.32_typescript@5.9.3/node_modules/ts-node/src/index.ts:859:12)\n    at reportTSError (/Users/mac/Dev/GitHub/follow-up/backend/node_modules/.pnpm/ts-node@10.9.2_@types+node@20.19.32_typescript@5.9.3/node_modules/ts-node/src/index.ts:863:19)\n    at getOutput (/Users/mac/Dev/GitHub/follow-up/backend/node_modules/.pnpm/ts-node@10.9.2_@types+node@20.19.32_typescript@5.9.3/node_modules/ts-node/src/index.ts:1077:36)\n    at Object.compile (/Users/mac/Dev/GitHub/follow-up/backend/node_modules/.pnpm/ts-node@10.9.2_@types+node@20.19.32_typescript@5.9.3/node_modules/ts-node/src/index.ts:1433:41)\n    at Module.m._compile (/Users/mac/Dev/GitHub/follow-up/backend/node_modules/.pnpm/ts-node@10.9.2_@types+node@20.19.32_typescript@5.9.3/node_modules/ts-node/src/index.ts:1617:30)\n    at node:internal/modules/cjs/loader:1893:10\n    at Object.require.extensions.<computed> [as .ts] (/Users/mac/Dev/GitHub/follow-up/backend/node_modules/.pnpm/ts-node@10.9.2_@types+node@20.19.32_typescript@5.9.3/node_modules/ts-node/src/index.ts:1621:12)\n    at Module.load (node:internal/modules/cjs/loader:1480:32)\n    at Module._load (node:internal/modules/cjs/loader:1299:12)\n    at TracingChannel.traceSync (node:diagnostics_channel:328:14)","os":{"loadavg":[21.39453125,11.07177734375,9.19921875],"uptime":215837},"process":{"argv":["/Users/mac/Dev/GitHub/follow-up/backend/node_modules/ts-node/dist/bin.js","/Users/mac/Dev/GitHub/follow-up/backend/src/server.ts"],"cwd":"/Users/mac/Dev/GitHub/follow-up/backend","execPath":"/Users/mac/.nvm/versions/node/v24.10.0/bin/node","gid":20,"memoryUsage":{"arrayBuffers":23384031,"external":26630655,"heapTotal":411148288,"heapUsed":286889256,"rss":489811968},"pid":19344,"uid":501,"version":"v24.10.0"},"service":"follow-up-api","stack":"TSError: ⨯ Unable to compile TypeScript:\n\u001b[96msrc/controllers/personController.ts\u001b[0m:\u001b[93m347\u001b[0m:\u001b[93m22\u001b[0m - \u001b[91merror\u001b[0m\u001b[90m TS2339: \u001b[0mProperty 'createdAt' does not exist on type 'Document<unknown, {}, IWeeklyReport, {}, {}> & IWeeklyReport & Required<{ _id: ObjectId; }> & { __v: number; }'.\n\n\u001b[7m347\u001b[0m         createdAt: r.createdAt,\n\u001b[7m   \u001b[0m \u001b[91m                     ~~~~~~~~~\u001b[0m\n\n    at createTSError (/Users/mac/Dev/GitHub/follow-up/backend/node_modules/.pnpm/ts-node@10.9.2_@types+node@20.19.32_typescript@5.9.3/node_modules/ts-node/src/index.ts:859:12)\n    at reportTSError (/Users/mac/Dev/GitHub/follow-up/backend/node_modules/.pnpm/ts-node@10.9.2_@types+node@20.19.32_typescript@5.9.3/node_modules/ts-node/src/index.ts:863:19)\n    at getOutput (/Users/mac/Dev/GitHub/follow-up/backend/node_modules/.pnpm/ts-node@10.9.2_@types+node@20.19.32_typescript@5.9.3/node_modules/ts-node/src/index.ts:1077:36)\n    at Object.compile (/Users/mac/Dev/GitHub/follow-up/backend/node_modules/.pnpm/ts-node@10.9.2_@types+node@20.19.32_typescript@5.9.3/node_modules/ts-node/src/index.ts:1433:41)\n    at Module.m._compile (/Users/mac/Dev/GitHub/follow-up/backend/node_modules/.pnpm/ts-node@10.9.2_@types+node@20.19.32_typescript@5.9.3/node_modules/ts-node/src/index.ts:1617:30)\n    at node:internal/modules/cjs/loader:1893:10\n    at Object.require.extensions.<computed> [as .ts] (/Users/mac/Dev/GitHub/follow-up/backend/node_modules/.pnpm/ts-node@10.9.2_@types+node@20.19.32_typescript@5.9.3/node_modules/ts-node/src/index.ts:1621:12)\n    at Module.load (node:internal/modules/cjs/loader:1480:32)\n    at Module._load (node:internal/modules/cjs/loader:1299:12)\n    at TracingChannel.traceSync (node:diagnostics_channel:328:14)","timestamp":"2026-02-07 19:58:44","trace":[{"column":12,"file":"/Users/mac/Dev/GitHub/follow-up/backend/node_modules/.pnpm/ts-node@10.9.2_@types+node@20.19.32_typescript@5.9.3/node_modules/ts-node/src/index.ts","function":"createTSError","line":859,"method":null,"native":false},{"column":19,"file":"/Users/mac/Dev/GitHub/follow-up/backend/node_modules/.pnpm/ts-node@10.9.2_@types+node@20.19.32_typescript@5.9.3/node_modules/ts-node/src/index.ts","function":"reportTSError","line":863,"method":null,"native":false},{"column":36,"file":"/Users/mac/Dev/GitHub/follow-up/backend/node_modules/.pnpm/ts-node@10.9.2_@types+node@20.19.32_typescript@5.9.3/node_modules/ts-node/src/index.ts","function":"getOutput","line":1077,"method":null,"native":false},{"column":41,"file":"/Users/mac/Dev/GitHub/follow-up/backend/node_modules/.pnpm/ts-node@10.9.2_@types+node@20.19.32_typescript@5.9.3/node_modules/ts-node/src/index.ts","function":"Object.compile","line":1433,"method":"compile","native":false},{"column":30,"file":"/Users/mac/Dev/GitHub/follow-up/backend/node_modules/.pnpm/ts-node@10.9.2_@types+node@20.19.32_typescript@5.9.3/node_modules/ts-node/src/index.ts","function":"Module.m._compile","line":1617,"method":"_compile","native":false},{"column":10,"file":"node:internal/modules/cjs/loader","function":null,"line":1893,"method":null,"native":false},{"column":12,"file":"/Users/mac/Dev/GitHub/follow-up/backend/node_modules/.pnpm/ts-node@10.9.2_@types+node@20.19.32_typescript@5.9.3/node_modules/ts-node/src/index.ts","function":"Object.require.extensions.<computed> [as .ts]","line":1621,"method":"ts]","native":false},{"column":32,"file":"node:internal/modules/cjs/loader","function":"Module.load","line":1480,"method":"load","native":false},{"column":12,"file":"node:internal/modules/cjs/loader","function":"Module._load","line":1299,"method":"_load","native":false},{"column":14,"file":"node:diagnostics_channel","function":"TracingChannel.traceSync","line":328,"method":"traceSync","native":false}]}
{"date":"Sat Feb 07 2026 20:01:21 GMT+0100 (West Africa Standard Time)","error":{"diagnosticCodes":[2339]},"exception":true,"level":"error","message":"uncaughtException: ⨯ Unable to compile TypeScript:\n\u001b[96msrc/controllers/personController.ts\u001b[0m:\u001b[93m348\u001b[0m:\u001b[93m22\u001b[0m - \u001b[91merror\u001b[0m\u001b[90m TS2339: \u001b[0mProperty 'createdAt' does not exist on type 'FlattenMaps<IWeeklyReport> & Required<{ _id: ObjectId; }> & { __v: number; }'.\n\n\u001b[7m348\u001b[0m         createdAt: r.createdAt,\n\u001b[7m   \u001b[0m \u001b[91m                     ~~~~~~~~~\u001b[0m\n\nTSError: ⨯ Unable to compile TypeScript:\n\u001b[96msrc/controllers/personController.ts\u001b[0m:\u001b[93m348\u001b[0m:\u001b[93m22\u001b[0m - \u001b[91merror\u001b[0m\u001b[90m TS2339: \u001b[0mProperty 'createdAt' does not exist on type 'FlattenMaps<IWeeklyReport> & Required<{ _id: ObjectId; }> & { __v: number; }'.\n\n\u001b[7m348\u001b[0m         createdAt: r.createdAt,\n\u001b[7m   \u001b[0m \u001b[91m                     ~~~~~~~~~\u001b[0m\n\n    at createTSError (/Users/mac/Dev/GitHub/follow-up/backend/node_modules/.pnpm/ts-node@10.9.2_@types+node@20.19.32_typescript@5.9.3/node_modules/ts-node/src/index.ts:859:12)\n    at reportTSError (/Users/mac/Dev/GitHub/follow-up/backend/node_modules/.pnpm/ts-node@10.9.2_@types+node@20.19.32_typescript@5.9.3/node_modules/ts-node/src/index.ts:863:19)\n    at getOutput (/Users/mac/Dev/GitHub/follow-up/backend/node_modules/.pnpm/ts-node@10.9.2_@types+node@20.19.32_typescript@5.9.3/node_modules/ts-node/src/index.ts:1077:36)\n    at Object.compile (/Users/mac/Dev/GitHub/follow-up/backend/node_modules/.pnpm/ts-node@10.9.2_@types+node@20.19.32_typescript@5.9.3/node_modules/ts-node/src/index.ts:1433:41)\n    at Module.m._compile (/Users/mac/Dev/GitHub/follow-up/backend/node_modules/.pnpm/ts-node@10.9.2_@types+node@20.19.32_typescript@5.9.3/node_modules/ts-node/src/index.ts:1617:30)\n    at node:internal/modules/cjs/loader:1893:10\n    at Object.require.extensions.<computed> [as .ts] (/Users/mac/Dev/GitHub/follow-up/backend/node_modules/.pnpm/ts-node@10.9.2_@types+node@20.19.32_typescript@5.9.3/node_modules/ts-node/src/index.ts:1621:12)\n    at Module.load (node:internal/modules/cjs/loader:1480:32)\n    at Module._load (node:internal/modules/cjs/loader:1299:12)\n    at TracingChannel.traceSync (node:diagnostics_channel:328:14)","os":{"loadavg":[14.2001953125,10.68896484375,9.2744140625],"uptime":215994},"process":{"argv":["/Users/mac/Dev/GitHub/follow-up/backend/node_modules/ts-node/dist/bin.js","/Users/mac/Dev/GitHub/follow-up/backend/src/server.ts"],"cwd":"/Users/mac/Dev/GitHub/follow-up/backend","execPath":"/Users/mac/.nvm/versions/node/v24.10.0/bin/node","gid":20,"memoryUsage":{"arrayBuffers":23393731,"external":26630751,"heapTotal":412721152,"heapUsed":341798904,"rss":486600704},"pid":22436,"uid":501,"version":"v24.10.0"},"service":"follow-up-api","stack":"TSError: ⨯ Unable to compile TypeScript:\n\u001b[96msrc/controllers/personController.ts\u001b[0m:\u001b[93m348\u001b[0m:\u001b[93m22\u001b[0m - \u001b[91merror\u001b[0m\u001b[90m TS2339: \u001b[0mProperty 'createdAt' does not exist on type 'FlattenMaps<IWeeklyReport> & Required<{ _id: ObjectId; }> & { __v: number; }'.\n\n\u001b[7m348\u001b[0m         createdAt: r.createdAt,\n\u001b[7m   \u001b[0m \u001b[91m                     ~~~~~~~~~\u001b[0m\n\n    at createTSError (/Users/mac/Dev/GitHub/follow-up/backend/node_modules/.pnpm/ts-node@10.9.2_@types+node@20.19.32_typescript@5.9.3/node_modules/ts-node/src/index.ts:859:12)\n    at reportTSError (/Users/mac/Dev/GitHub/follow-up/backend/node_modules/.pnpm/ts-node@10.9.2_@types+node@20.19.32_typescript@5.9.3/node_modules/ts-node/src/index.ts:863:19)\n    at getOutput (/Users/mac/Dev/GitHub/follow-up/backend/node_modules/.pnpm/ts-node@10.9.2_@types+node@20.19.32_typescript@5.9.3/node_modules/ts-node/src/index.ts:1077:36)\n    at Object.compile (/Users/mac/Dev/GitHub/follow-up/backend/node_modules/.pnpm/ts-node@10.9.2_@types+node@20.19.32_typescript@5.9.3/node_modules/ts-node/src/index.ts:1433:41)\n    at Module.m._compile (/Users/mac/Dev/GitHub/follow-up/backend/node_modules/.pnpm/ts-node@10.9.2_@types+node@20.19.32_typescript@5.9.3/node_modules/ts-node/src/index.ts:1617:30)\n    at node:internal/modules/cjs/loader:1893:10\n    at Object.require.extensions.<computed> [as .ts] (/Users/mac/Dev/GitHub/follow-up/backend/node_modules/.pnpm/ts-node@10.9.2_@types+node@20.19.32_typescript@5.9.3/node_modules/ts-node/src/index.ts:1621:12)\n    at Module.load (node:internal/modules/cjs/loader:1480:32)\n    at Module._load (node:internal/modules/cjs/loader:1299:12)\n    at TracingChannel.traceSync (node:diagnostics_channel:328:14)","timestamp":"2026-02-07 20:01:21","trace":[{"column":12,"file":"/Users/mac/Dev/GitHub/follow-up/backend/node_modules/.pnpm/ts-node@10.9.2_@types+node@20.19.32_typescript@5.9.3/node_modules/ts-node/src/index.ts","function":"createTSError","line":859,"method":null,"native":false},{"column":19,"file":"/Users/mac/Dev/GitHub/follow-up/backend/node_modules/.pnpm/ts-node@10.9.2_@types+node@20.19.32_typescript@5.9.3/node_modules/ts-node/src/index.ts","function":"reportTSError","line":863,"method":null,"native":false},{"column":36,"file":"/Users/mac/Dev/GitHub/follow-up/backend/node_modules/.pnpm/ts-node@10.9.2_@types+node@20.19.32_typescript@5.9.3/node_modules/ts-node/src/index.ts","function":"getOutput","line":1077,"method":null,"native":false},{"column":41,"file":"/Users/mac/Dev/GitHub/follow-up/backend/node_modules/.pnpm/ts-node@10.9.2_@types+node@20.19.32_typescript@5.9.3/node_modules/ts-node/src/index.ts","function":"Object.compile","line":1433,"method":"compile","native":false},{"column":30,"file":"/Users/mac/Dev/GitHub/follow-up/backend/node_modules/.pnpm/ts-node@10.9.2_@types+node@20.19.32_typescript@5.9.3/node_modules/ts-node/src/index.ts","function":"Module.m._compile","line":1617,"method":"_compile","native":false},{"column":10,"file":"node:internal/modules/cjs/loader","function":null,"line":1893,"method":null,"native":false},{"column":12,"file":"/Users/mac/Dev/GitHub/follow-up/backend/node_modules/.pnpm/ts-node@10.9.2_@types+node@20.19.32_typescript@5.9.3/node_modules/ts-node/src/index.ts","function":"Object.require.extensions.<computed> [as .ts]","line":1621,"method":"ts]","native":false},{"column":32,"file":"node:internal/modules/cjs/loader","function":"Module.load","line":1480,"method":"load","native":false},{"column":12,"file":"node:internal/modules/cjs/loader","function":"Module._load","line":1299,"method":"_load","native":false},{"column":14,"file":"node:diagnostics_channel","function":"TracingChannel.traceSync","line":328,"method":"traceSync","native":false}]}
